#
# There is insufficient memory for the Java Runtime Environment to continue.
# Native memory allocation (mmap) failed to map 134217728 bytes for Failed to commit area from 0x0000000081400000 to 0x0000000089400000 of length 134217728.
# Possible reasons:
#   The system is out of physical RAM or swap space
#   The process is running with CompressedOops enabled, and the Java Heap may be blocking the growth of the native heap
# Possible solutions:
#   Reduce memory load on the system
#   Increase physical memory or swap space
#   Check if swap backing store is full
#   Decrease Java heap size (-Xmx/-Xms)
#   Decrease number of Java threads
#   Decrease Java thread stack sizes (-Xss)
#   Set larger code cache with -XX:ReservedCodeCacheSize=
# This output file may be truncated or incomplete.
#
#  Out of Memory Error (./src/hotspot/os/windows/os_windows.cpp:3301), pid=20464, tid=9812
#
# JRE version:  (11.0.10) (build )
# Java VM: OpenJDK 64-Bit Server VM (11.0.10+0-b96-7249189, mixed mode, sharing, tiered, compressed oops, g1 gc, windows-amd64)
# No core dump will be written. Minidumps are not enabled by default on client versions of Windows
#

---------------  S U M M A R Y ------------

Command Line: org.jetbrains.kotlin.cli.jvm.K2JVMCompiler @C:\Users\Neo's Desktop\AndroidStudioProjects\MAD_Assignment\app\build\20210824_2971940431358079968.compiler.options

Host: Intel(R) Core(TM) i5-4460  CPU @ 3.20GHz, 4 cores, 7G,  Windows 10 , 64 bit Build 19041 (10.0.19041.1151)
Time: Tue Aug 24 18:17:52 2021 Malay Peninsula Standard Time elapsed time: 0.009685 seconds (0d 0h 0m 0s)

---------------  T H R E A D  ---------------

Current thread (0x000001afff10a000):  JavaThread "Unknown thread" [_thread_in_vm, id=9812, stack(0x0000002d3ca00000,0x0000002d3cb00000)]

Stack: [0x0000002d3ca00000,0x0000002d3cb00000]
Native frames: (J=compiled Java code, j=interpreted, Vv=VM code, C=native code)
V  [jvm.dll+0x5ecfaa]
V  [jvm.dll+0x722bd5]
V  [jvm.dll+0x72412d]
V  [jvm.dll+0x7247e3]
V  [jvm.dll+0x242928]
V  [jvm.dll+0x5ea374]
V  [jvm.dll+0x5df425]
V  [jvm.dll+0x2fdebb]
V  [jvm.dll+0x2fde2a]
V  [jvm.dll+0x2fdd02]
V  [jvm.dll+0x302bf6]
V  [jvm.dll+0x34b2a3]
V  [jvm.dll+0x34b9a6]
V  [jvm.dll+0x34b3a3]
V  [jvm.dll+0x2d8888]
V  [jvm.dll+0x2d9a37]
V  [jvm.dll+0x701737]
V  [jvm.dll+0x702f2c]
V  [jvm.dll+0x3587d9]
V  [jvm.dll+0x6e4fae]
V  [jvm.dll+0x3c0be3]
V  [jvm.dll+0x3c2e91]
C  [jli.dll+0x5373]
C  [ucrtbase.dll+0x21bb2]
C  [KERNEL32.DLL+0x17034]
C  [ntdll.dll+0x52651]


---------------  P R O C E S S  ---------------

Threads class SMR info:
_java_thread_list=0x000001affd7125c0, length=0, elements={
}

Java Threads: ( => current thread )

Other Threads:
  0x000001afff122800 GCTaskThread "GC Thread#0" [stack: 0x0000002d3cb00000,0x0000002d3cc00000] [id=4632]
  0x000001afff152000 ConcurrentGCThread "G1 Main Marker" [stack: 0x0000002d3cc00000,0x0000002d3cd00000] [id=9960]
  0x000001afff155800 ConcurrentGCThread "G1 Conc#0" [stack: 0x0000002d3cd00000,0x0000002d3ce00000] [id=6720]

[error occurred during error reporting (printing all threads), id 0xc0000005, EXCEPTION_ACCESS_VIOLATION (0xc0000005) at pc=0x00007fff012d9107]

VM state:not at safepoint (not fully initialized)

VM Mutex/Monitor currently owned by a thread:  ([mutex/lock_event])
[0x000001afff107260] Heap_lock - owner thread: 0x000001afff10a000

Heap address: 0x0000000081400000, size: 2028 MB, Compressed Oops mode: Non-zero based: 0x0000000081400000
Narrow klass base: 0x0000000000000000, Narrow klass shift: 0

GC Heap History (0 events):
No events

Deoptimization events (0 events):
No events

Classes redefined (0 events):
No events

Internal exceptions (0 events):
No events

Events (1 events):
Event: 0.006 Loaded shared library C:\Program Files\Android\Android Studio\jre\bin\zip.dll


Dynamic libraries:
0x00007ff6cca00000 - 0x00007ff6cca0a000 	C:\Program Files\Android\Android Studio\jre\bin\java.exe
0x00007fff6b6f0000 - 0x00007fff6b8e5000 	C:\Windows\SYSTEM32\ntdll.dll
0x00007fff6ac90000 - 0x00007fff6ad4d000 	C:\Windows\System32\KERNEL32.DLL
0x00007fff69190000 - 0x00007fff69459000 	C:\Windows\System32\KERNELBASE.dll
0x00007fff68eb0000 - 0x00007fff68fb0000 	C:\Windows\System32\ucrtbase.dll
0x00007fff64bb0000 - 0x00007fff64bc9000 	C:\Program Files\Android\Android Studio\jre\bin\jli.dll
0x00007fff64bf0000 - 0x00007fff64c07000 	C:\Program Files\Android\Android Studio\jre\bin\VCRUNTIME140.dll
0x00007fff6b110000 - 0x00007fff6b2b0000 	C:\Windows\System32\USER32.dll
0x00007fff695d0000 - 0x00007fff695f2000 	C:\Windows\System32\win32u.dll
0x00007fff6a060000 - 0x00007fff6a08a000 	C:\Windows\System32\GDI32.dll
0x00007fff69460000 - 0x00007fff6956b000 	C:\Windows\System32\gdi32full.dll
0x00007fff696b0000 - 0x00007fff6974d000 	C:\Windows\System32\msvcp_win.dll
0x00007fff541e0000 - 0x00007fff5447a000 	C:\Windows\WinSxS\amd64_microsoft.windows.common-controls_6595b64144ccf1df_6.0.19041.1110_none_60b5254171f9507e\COMCTL32.dll
0x00007fff69750000 - 0x00007fff697ee000 	C:\Windows\System32\msvcrt.dll
0x00007fff697f0000 - 0x00007fff69820000 	C:\Windows\System32\IMM32.DLL
0x00007fff52120000 - 0x00007fff521bd000 	C:\Program Files\Android\Android Studio\jre\bin\msvcp140.dll
0x00007fff00ff0000 - 0x00007fff01abf000 	C:\Program Files\Android\Android Studio\jre\bin\server\jvm.dll
0x00007fff69e30000 - 0x00007fff69edc000 	C:\Windows\System32\ADVAPI32.dll
0x00007fff69fc0000 - 0x00007fff6a05b000 	C:\Windows\System32\sechost.dll
0x00007fff69820000 - 0x00007fff6994a000 	C:\Windows\System32\RPCRT4.dll
0x00007fff6a7d0000 - 0x00007fff6a7d8000 	C:\Windows\System32\PSAPI.DLL
0x00007fff64c70000 - 0x00007fff64c79000 	C:\Windows\SYSTEM32\WSOCK32.dll
0x00007fff6a7e0000 - 0x00007fff6a84b000 	C:\Windows\System32\WS2_32.dll
0x00007fff5e7a0000 - 0x00007fff5e7aa000 	C:\Windows\SYSTEM32\VERSION.dll
0x00007fff5dea0000 - 0x00007fff5dec7000 	C:\Windows\SYSTEM32\WINMM.dll
0x00007fff66d50000 - 0x00007fff66d62000 	C:\Windows\SYSTEM32\kernel.appcore.dll
0x00007fff63060000 - 0x00007fff63071000 	C:\Program Files\Android\Android Studio\jre\bin\verify.dll
0x00007fff5f4d0000 - 0x00007fff5f6b4000 	C:\Windows\SYSTEM32\DBGHELP.DLL
0x00007fff54f10000 - 0x00007fff54f3c000 	C:\Windows\SYSTEM32\dbgcore.DLL
0x00007fff68e20000 - 0x00007fff68ea3000 	C:\Windows\System32\bcryptPrimitives.dll
0x00007fff51cc0000 - 0x00007fff51ce9000 	C:\Program Files\Android\Android Studio\jre\bin\java.dll
0x00007fff5bab0000 - 0x00007fff5babb000 	C:\Program Files\Android\Android Studio\jre\bin\jimage.dll
0x00007fff51ca0000 - 0x00007fff51cb8000 	C:\Program Files\Android\Android Studio\jre\bin\zip.dll

dbghelp: loaded successfully - version: 4.0.5 - missing functions: none
symbol engine: initialized successfully - sym options: 0x614 - pdb path: .;C:\Program Files\Android\Android Studio\jre\bin;C:\Windows\SYSTEM32;C:\Windows\WinSxS\amd64_microsoft.windows.common-controls_6595b64144ccf1df_6.0.19041.1110_none_60b5254171f9507e;C:\Program Files\Android\Android Studio\jre\bin\server

VM Arguments:
java_command: org.jetbrains.kotlin.cli.jvm.K2JVMCompiler @C:\Users\Neo's Desktop\AndroidStudioProjects\MAD_Assignment\app\build\20210824_2971940431358079968.compiler.options
java_class_path (initial): C:\Users\Neo's Desktop\.gradle\caches\modules-2\files-2.1\org.jetbrains.kotlin\kotlin-compiler-embeddable\1.5.21\40ddbcae9ff100473f95370c2d589ba3fc48eed5\kotlin-compiler-embeddable-1.5.21.jar;C:\Users\Neo's Desktop\.gradle\caches\modules-2\files-2.1\org.jetbrains.kotlin\kotlin-reflect\1.5.21\802f1f39735ae1eb2b75714a40fa19bb2e687e96\kotlin-reflect-1.5.21.jar;C:\Users\Neo's Desktop\.gradle\caches\modules-2\files-2.1\org.jetbrains.kotlin\kotlin-stdlib\1.5.21\2f537cad7e9eeb9da73738c8812e1e4cf9b62e4e\kotlin-stdlib-1.5.21.jar;C:\Users\Neo's Desktop\.gradle\caches\modules-2\files-2.1\org.jetbrains.kotlin\kotlin-script-runtime\1.5.21\96d49e89873fde985750af354b6eabb60cfa999b\kotlin-script-runtime-1.5.21.jar;C:\Users\Neo's Desktop\.gradle\caches\modules-2\files-2.1\org.jetbrains.kotlin\kotlin-daemon-embeddable\1.5.21\17255809e66a940dfdf6289bccbdfb5a09f3145\kotlin-daemon-embeddable-1.5.21.jar;C:\Users\Neo's Desktop\.gradle\caches\modules-2\files-2.1\org.jetbrains.intellij.deps\trove4j\1.0.20181211\216c2e14b070f334479d800987affe4054cd563f\trove4j-1.0.20181211.jar;C:\Users\Neo's Desktop\.gradle\caches\modules-2\files-2.1\org.jetbrains\annotations\13.0\919f0dfe192fb4e063e7dacadee7f8bb9a2672a9\annotations-13.0.jar;C:\Users\Neo's Desktop\.gradle\caches\modules-2\files-2.1\org.jetbrains.kotlin\kotlin-stdlib-common\1.5.21\cc8bf3586fd2ebcf234058b9440bb406e62dfacb\kotlin-stdlib-common-1.5.21.jar
Launcher Type: SUN_STANDARD

[Global flags]
     intx CICompilerCount                          = 3                                         {product} {ergonomic}
     uint ConcGCThreads                            = 1                                         {product} {ergonomic}
     uint G1ConcRefinementThreads                  = 4                                         {product} {ergonomic}
   size_t G1HeapRegionSize                         = 1048576                                   {product} {ergonomic}
    uintx GCDrainStackTargetSize                   = 64                                        {product} {ergonomic}
   size_t InitialHeapSize                          = 134217728                                 {product} {ergonomic}
   size_t MarkStackSize                            = 4194304                                   {product} {ergonomic}
   size_t MaxHeapSize                              = 2126512128                                {product} {ergonomic}
   size_t MinHeapDeltaBytes                        = 1048576                                   {product} {ergonomic}
    uintx NonNMethodCodeHeapSize                   = 5830732                                {pd product} {ergonomic}
    uintx NonProfiledCodeHeapSize                  = 122913754                              {pd product} {ergonomic}
    uintx ProfiledCodeHeapSize                     = 122913754                              {pd product} {ergonomic}
    uintx ReservedCodeCacheSize                    = 251658240                              {pd product} {ergonomic}
     bool SegmentedCodeCache                       = true                                      {product} {ergonomic}
     bool UseCompressedClassPointers               = true                                 {lp64_product} {ergonomic}
     bool UseCompressedOops                        = true                                 {lp64_product} {ergonomic}
     bool UseG1GC                                  = true                                      {product} {ergonomic}
     bool UseLargePagesIndividualAllocation        = false                                  {pd product} {ergonomic}

Logging:
Log output configuration:
 #0: stdout all=warning uptime,level,tags
 #1: stderr all=off uptime,level,tags

Environment Variables:
PATH=C:\Windows\system32;C:\Windows;C:\Windows\System32\Wbem;C:\Windows\System32\WindowsPowerShell\v1.0\;C:\Windows\System32\OpenSSH\;C:\Program Files\dotnet\;C:\Program Files\Microsoft SQL Server\130\Tools\Binn\;C:\Program Files\Microsoft SQL Server\Client SDK\ODBC\170\Tools\Binn\;C:\Program Files\Git\cmd;C:\Users\Neo's Desktop\AppData\Local\Microsoft\WindowsApps;C:\Users\Neo's Desktop\.dotnet\tools;C:\Users\Neo's Desktop\AppData\Local\GitHubDesktop\bin
USERNAME=Neo's Desktop
OS=Windows_NT
PROCESSOR_IDENTIFIER=Intel64 Family 6 Model 60 Stepping 3, GenuineIntel



---------------  S Y S T E M  ---------------

OS: Windows 10 , 64 bit Build 19041 (10.0.19041.1151)
OS uptime: 2 days 20:19 hours

CPU:total 4 (initial active 4) (4 cores per cpu, 1 threads per core) family 6 model 60 stepping 3 microcode 0x27, cmov, cx8, fxsr, mmx, sse, sse2, sse3, ssse3, sse4.1, sse4.2, popcnt, avx, avx2, aes, clmul, erms, lzcnt, tsc, tscinvbit, bmi1, bmi2, fma

Memory: 4k page, system-wide physical 8111M (316M free)
TotalPageFile size 32687M (AvailPageFile size 18M)
current process WorkingSet (physical memory assigned to process): 9M, peak: 9M
current process commit charge ("private bytes"): 51M, peak: 179M

vm_info: OpenJDK 64-Bit Server VM (11.0.10+0-b96-7249189) for windows-amd64 JRE (11.0.10+0-b96-7249189), built on Mar 31 2021 21:44:00 by "builder" with MS VC++ 14.0 (VS2015)

END.
